ERROR - 2024-05-24 16:35:25 --> mysqli_sql_exception: Table 'invictusdb.users' doesn't exist in /Applications/MAMP/htdocs/invictusLaw/system/Database/MySQLi/Connection.php:306
Stack trace:
#0 /Applications/MAMP/htdocs/invictusLaw/system/Database/MySQLi/Connection.php(306): mysqli->query('SELECT *\nFROM `...', 0)
#1 /Applications/MAMP/htdocs/invictusLaw/system/Database/BaseConnection.php(693): CodeIgniter\Database\MySQLi\Connection->execute('SELECT *\nFROM `...')
#2 /Applications/MAMP/htdocs/invictusLaw/system/Database/BaseConnection.php(607): CodeIgniter\Database\BaseConnection->simpleQuery('SELECT *\nFROM `...')
#3 /Applications/MAMP/htdocs/invictusLaw/system/Database/BaseBuilder.php(1616): CodeIgniter\Database\BaseConnection->query('SELECT *\nFROM `...', Array, false)
#4 /Applications/MAMP/htdocs/invictusLaw/system/Model.php(271): CodeIgniter\Database\BaseBuilder->get()
#5 /Applications/MAMP/htdocs/invictusLaw/system/BaseModel.php(676): CodeIgniter\Model->doFirst()
#6 /Applications/MAMP/htdocs/invictusLaw/app/Controllers/Login.php(21): CodeIgniter\BaseModel->first()
#7 /Applications/MAMP/htdocs/invictusLaw/system/CodeIgniter.php(943): App\Controllers\Login->auth()
#8 /Applications/MAMP/htdocs/invictusLaw/system/CodeIgniter.php(503): CodeIgniter\CodeIgniter->runController(Object(App\Controllers\Login))
#9 /Applications/MAMP/htdocs/invictusLaw/system/CodeIgniter.php(361): CodeIgniter\CodeIgniter->handleRequest(NULL, Object(Config\Cache), false)
#10 /Applications/MAMP/htdocs/invictusLaw/public/index.php(79): CodeIgniter\CodeIgniter->run()
#11 {main}
CRITICAL - 2024-05-24 16:35:25 --> CodeIgniter\Database\Exceptions\DatabaseException: Table 'invictusdb.users' doesn't exist
in SYSTEMPATH/Database/BaseConnection.php on line 647.
 1 SYSTEMPATH/Database/BaseBuilder.php(1616): CodeIgniter\Database\BaseConnection->query('SELECT *
FROM `users`
WHERE `username` = :username:
 LIMIT 1', [...], false)
 2 SYSTEMPATH/Model.php(271): CodeIgniter\Database\BaseBuilder->get()
 3 SYSTEMPATH/BaseModel.php(676): CodeIgniter\Model->doFirst()
 4 APPPATH/Controllers/Login.php(21): CodeIgniter\BaseModel->first()
 5 SYSTEMPATH/CodeIgniter.php(943): App\Controllers\Login->auth()
 6 SYSTEMPATH/CodeIgniter.php(503): CodeIgniter\CodeIgniter->runController(Object(App\Controllers\Login))
 7 SYSTEMPATH/CodeIgniter.php(361): CodeIgniter\CodeIgniter->handleRequest(null, Object(Config\Cache), false)
 8 FCPATH/index.php(79): CodeIgniter\CodeIgniter->run()
CRITICAL - 2024-05-24 16:35:25 --> [Caused by] CodeIgniter\Database\Exceptions\DatabaseException: Table 'invictusdb.users' doesn't exist
in SYSTEMPATH/Database/MySQLi/Connection.php on line 311.
 1 SYSTEMPATH/Database/BaseConnection.php(693): CodeIgniter\Database\MySQLi\Connection->execute('SELECT *
FROM `users`
WHERE `username` = \'ghg\'
 LIMIT 1')
 2 SYSTEMPATH/Database/BaseConnection.php(607): CodeIgniter\Database\BaseConnection->simpleQuery('SELECT *
FROM `users`
WHERE `username` = \'ghg\'
 LIMIT 1')
 3 SYSTEMPATH/Database/BaseBuilder.php(1616): CodeIgniter\Database\BaseConnection->query('SELECT *
FROM `users`
WHERE `username` = :username:
 LIMIT 1', [...], false)
 4 SYSTEMPATH/Model.php(271): CodeIgniter\Database\BaseBuilder->get()
 5 SYSTEMPATH/BaseModel.php(676): CodeIgniter\Model->doFirst()
 6 APPPATH/Controllers/Login.php(21): CodeIgniter\BaseModel->first()
 7 SYSTEMPATH/CodeIgniter.php(943): App\Controllers\Login->auth()
 8 SYSTEMPATH/CodeIgniter.php(503): CodeIgniter\CodeIgniter->runController(Object(App\Controllers\Login))
 9 SYSTEMPATH/CodeIgniter.php(361): CodeIgniter\CodeIgniter->handleRequest(null, Object(Config\Cache), false)
10 FCPATH/index.php(79): CodeIgniter\CodeIgniter->run()
CRITICAL - 2024-05-24 16:35:25 --> [Caused by] mysqli_sql_exception: Table 'invictusdb.users' doesn't exist
in SYSTEMPATH/Database/MySQLi/Connection.php on line 306.
 1 SYSTEMPATH/Database/MySQLi/Connection.php(306): mysqli->query('SELECT *
FROM `users`
WHERE `username` = \'ghg\'
 LIMIT 1', 0)
 2 SYSTEMPATH/Database/BaseConnection.php(693): CodeIgniter\Database\MySQLi\Connection->execute('SELECT *
FROM `users`
WHERE `username` = \'ghg\'
 LIMIT 1')
 3 SYSTEMPATH/Database/BaseConnection.php(607): CodeIgniter\Database\BaseConnection->simpleQuery('SELECT *
FROM `users`
WHERE `username` = \'ghg\'
 LIMIT 1')
 4 SYSTEMPATH/Database/BaseBuilder.php(1616): CodeIgniter\Database\BaseConnection->query('SELECT *
FROM `users`
WHERE `username` = :username:
 LIMIT 1', [...], false)
 5 SYSTEMPATH/Model.php(271): CodeIgniter\Database\BaseBuilder->get()
 6 SYSTEMPATH/BaseModel.php(676): CodeIgniter\Model->doFirst()
 7 APPPATH/Controllers/Login.php(21): CodeIgniter\BaseModel->first()
 8 SYSTEMPATH/CodeIgniter.php(943): App\Controllers\Login->auth()
 9 SYSTEMPATH/CodeIgniter.php(503): CodeIgniter\CodeIgniter->runController(Object(App\Controllers\Login))
10 SYSTEMPATH/CodeIgniter.php(361): CodeIgniter\CodeIgniter->handleRequest(null, Object(Config\Cache), false)
11 FCPATH/index.php(79): CodeIgniter\CodeIgniter->run()
